2016-05-12 17:10:59.330  INFO 77012 --- [main] me.whiteship.Application                 : Starting Application on HIKKIN-PC with PID 77012 (C:\Users\Administrator\workspace\amugona\target\classes started by Administrator in C:\Users\Administrator\workspace\amugona)
2016-05-12 17:10:59.337  INFO 77012 --- [main] me.whiteship.Application                 : No active profile set, falling back to default profiles: default
2016-05-12 17:10:59.419  INFO 77012 --- [main] ationConfigEmbeddedWebApplicationContext : Refreshing org.springframework.boot.context.embedded.AnnotationConfigEmbeddedWebApplicationContext@1248c21: startup date [Thu May 12 17:10:59 KST 2016]; root of context hierarchy
2016-05-12 17:11:01.662  INFO 77012 --- [main] trationDelegate$BeanPostProcessorChecker : Bean 'org.springframework.transaction.annotation.ProxyTransactionManagementConfiguration' of type [class org.springframework.transaction.annotation.ProxyTransactionManagementConfiguration$$EnhancerBySpringCGLIB$$c363675f] is not eligible for getting processed by all BeanPostProcessors (for example: not eligible for auto-proxying)
2016-05-12 17:11:02.805  INFO 77012 --- [main] s.b.c.e.t.TomcatEmbeddedServletContainer : Tomcat initialized with port(s): 8080 (http)
2016-05-12 17:11:02.824  INFO 77012 --- [main] o.apache.catalina.core.StandardService   : Starting service Tomcat
2016-05-12 17:11:02.826  INFO 77012 --- [main] org.apache.catalina.core.StandardEngine  : Starting Servlet Engine: Apache Tomcat/8.0.33
2016-05-12 17:11:03.016  INFO 77012 --- [localhost-startStop-1] o.a.c.c.C.[Tomcat].[localhost].[/]       : Initializing Spring embedded WebApplicationContext
2016-05-12 17:11:03.016  INFO 77012 --- [localhost-startStop-1] o.s.web.context.ContextLoader            : Root WebApplicationContext: initialization completed in 3601 ms
2016-05-12 17:11:03.546  INFO 77012 --- [localhost-startStop-1] o.s.b.c.e.ServletRegistrationBean        : Mapping servlet: 'dispatcherServlet' to [/]
2016-05-12 17:11:03.554  INFO 77012 --- [localhost-startStop-1] o.s.b.c.embedded.FilterRegistrationBean  : Mapping filter: 'characterEncodingFilter' to: [/*]
2016-05-12 17:11:03.555  INFO 77012 --- [localhost-startStop-1] o.s.b.c.embedded.FilterRegistrationBean  : Mapping filter: 'hiddenHttpMethodFilter' to: [/*]
2016-05-12 17:11:03.556  INFO 77012 --- [localhost-startStop-1] o.s.b.c.embedded.FilterRegistrationBean  : Mapping filter: 'httpPutFormContentFilter' to: [/*]
2016-05-12 17:11:03.556  INFO 77012 --- [localhost-startStop-1] o.s.b.c.embedded.FilterRegistrationBean  : Mapping filter: 'requestContextFilter' to: [/*]
2016-05-12 17:11:04.255  INFO 77012 --- [main] j.LocalContainerEntityManagerFactoryBean : Building JPA container EntityManagerFactory for persistence unit 'default'
2016-05-12 17:11:04.271  INFO 77012 --- [main] o.hibernate.jpa.internal.util.LogHelper  : HHH000204: Processing PersistenceUnitInfo [
	name: default
	...]
2016-05-12 17:11:04.472  INFO 77012 --- [main] org.hibernate.Version                    : HHH000412: Hibernate Core {4.3.11.Final}
2016-05-12 17:11:04.474  INFO 77012 --- [main] org.hibernate.cfg.Environment            : HHH000206: hibernate.properties not found
2016-05-12 17:11:04.477  INFO 77012 --- [main] org.hibernate.cfg.Environment            : HHH000021: Bytecode provider name : javassist
2016-05-12 17:11:04.859  INFO 77012 --- [main] o.hibernate.annotations.common.Version   : HCANN000001: Hibernate Commons Annotations {4.0.5.Final}
2016-05-12 17:11:04.994  INFO 77012 --- [main] org.hibernate.dialect.Dialect            : HHH000400: Using dialect: org.hibernate.dialect.H2Dialect
2016-05-12 17:11:05.195  INFO 77012 --- [main] o.h.h.i.ast.ASTQueryTranslatorFactory    : HHH000397: Using ASTQueryTranslatorFactory
2016-05-12 17:11:05.608  INFO 77012 --- [main] org.hibernate.tool.hbm2ddl.SchemaExport  : HHH000227: Running hbm2ddl schema export
2016-05-12 17:11:05.632  INFO 77012 --- [main] org.hibernate.tool.hbm2ddl.SchemaExport  : HHH000230: Schema export complete
2016-05-12 17:11:06.499  INFO 77012 --- [main] s.w.s.m.m.a.RequestMappingHandlerAdapter : Looking for @ControllerAdvice: org.springframework.boot.context.embedded.AnnotationConfigEmbeddedWebApplicationContext@1248c21: startup date [Thu May 12 17:10:59 KST 2016]; root of context hierarchy
2016-05-12 17:11:06.632  INFO 77012 --- [main] s.w.s.m.m.a.RequestMappingHandlerMapping : Mapped "{[/accounts],methods=[POST]}" onto public org.springframework.http.ResponseEntity me.whiteship.accounts.AccountController.createAccount(me.whiteship.accounts.AccountDto$Create,org.springframework.validation.BindingResult)
2016-05-12 17:11:06.634  INFO 77012 --- [main] s.w.s.m.m.a.RequestMappingHandlerMapping : Mapped "{[/accounts],methods=[GET]}" onto public org.springframework.http.ResponseEntity me.whiteship.accounts.AccountController.getAccounts(org.springframework.data.domain.Pageable)
2016-05-12 17:11:06.634  INFO 77012 --- [main] s.w.s.m.m.a.RequestMappingHandlerMapping : Mapped "{[/hello]}" onto public java.lang.String me.whiteship.accounts.AccountController.hello()
2016-05-12 17:11:06.638  INFO 77012 --- [main] s.w.s.m.m.a.RequestMappingHandlerMapping : Mapped "{[/error]}" onto public org.springframework.http.ResponseEntity<java.util.Map<java.lang.String, java.lang.Object>> org.springframework.boot.autoconfigure.web.BasicErrorController.error(javax.servlet.http.HttpServletRequest)
2016-05-12 17:11:06.639  INFO 77012 --- [main] s.w.s.m.m.a.RequestMappingHandlerMapping : Mapped "{[/error],produces=[text/html]}" onto public org.springframework.web.servlet.ModelAndView org.springframework.boot.autoconfigure.web.BasicErrorController.errorHtml(javax.servlet.http.HttpServletRequest,javax.servlet.http.HttpServletResponse)
2016-05-12 17:11:06.680  INFO 77012 --- [main] o.s.w.s.handler.SimpleUrlHandlerMapping  : Mapped URL path [/webjars/**] onto handler of type [class org.springframework.web.servlet.resource.ResourceHttpRequestHandler]
2016-05-12 17:11:06.680  INFO 77012 --- [main] o.s.w.s.handler.SimpleUrlHandlerMapping  : Mapped URL path [/**] onto handler of type [class org.springframework.web.servlet.resource.ResourceHttpRequestHandler]
2016-05-12 17:11:06.739  INFO 77012 --- [main] o.s.w.s.handler.SimpleUrlHandlerMapping  : Mapped URL path [/**/favicon.ico] onto handler of type [class org.springframework.web.servlet.resource.ResourceHttpRequestHandler]
2016-05-12 17:11:07.060  INFO 77012 --- [main] o.s.j.e.a.AnnotationMBeanExporter        : Registering beans for JMX exposure on startup
2016-05-12 17:11:07.230  INFO 77012 --- [main] s.b.c.e.t.TomcatEmbeddedServletContainer : Tomcat started on port(s): 8080 (http)
2016-05-12 17:11:07.239  INFO 77012 --- [main] me.whiteship.Application                 : Started Application in 8.517 seconds (JVM running for 9.169)
