2016-05-12 17:09:49.372  INFO 23144 --- [main] me.whiteship.Application                 : Starting Application on HIKKIN-PC with PID 23144 (C:\Users\Administrator\workspace\amugona\target\classes started by Administrator in C:\Users\Administrator\workspace\amugona)
2016-05-12 17:09:49.380  INFO 23144 --- [main] me.whiteship.Application                 : No active profile set, falling back to default profiles: default
2016-05-12 17:09:49.461  INFO 23144 --- [main] ationConfigEmbeddedWebApplicationContext : Refreshing org.springframework.boot.context.embedded.AnnotationConfigEmbeddedWebApplicationContext@1248c21: startup date [Thu May 12 17:09:49 KST 2016]; root of context hierarchy
2016-05-12 17:09:51.611  INFO 23144 --- [main] trationDelegate$BeanPostProcessorChecker : Bean 'org.springframework.transaction.annotation.ProxyTransactionManagementConfiguration' of type [class org.springframework.transaction.annotation.ProxyTransactionManagementConfiguration$$EnhancerBySpringCGLIB$$c363675f] is not eligible for getting processed by all BeanPostProcessors (for example: not eligible for auto-proxying)
2016-05-12 17:09:52.828  INFO 23144 --- [main] s.b.c.e.t.TomcatEmbeddedServletContainer : Tomcat initialized with port(s): 8080 (http)
2016-05-12 17:09:52.846  INFO 23144 --- [main] o.apache.catalina.core.StandardService   : Starting service Tomcat
2016-05-12 17:09:52.848  INFO 23144 --- [main] org.apache.catalina.core.StandardEngine  : Starting Servlet Engine: Apache Tomcat/8.0.33
2016-05-12 17:09:53.023  INFO 23144 --- [localhost-startStop-1] o.a.c.c.C.[Tomcat].[localhost].[/]       : Initializing Spring embedded WebApplicationContext
2016-05-12 17:09:53.024  INFO 23144 --- [localhost-startStop-1] o.s.web.context.ContextLoader            : Root WebApplicationContext: initialization completed in 3567 ms
2016-05-12 17:09:53.482  INFO 23144 --- [localhost-startStop-1] o.s.b.c.e.ServletRegistrationBean        : Mapping servlet: 'dispatcherServlet' to [/]
2016-05-12 17:09:53.490  INFO 23144 --- [localhost-startStop-1] o.s.b.c.embedded.FilterRegistrationBean  : Mapping filter: 'characterEncodingFilter' to: [/*]
2016-05-12 17:09:53.491  INFO 23144 --- [localhost-startStop-1] o.s.b.c.embedded.FilterRegistrationBean  : Mapping filter: 'hiddenHttpMethodFilter' to: [/*]
2016-05-12 17:09:53.491  INFO 23144 --- [localhost-startStop-1] o.s.b.c.embedded.FilterRegistrationBean  : Mapping filter: 'httpPutFormContentFilter' to: [/*]
2016-05-12 17:09:53.491  INFO 23144 --- [localhost-startStop-1] o.s.b.c.embedded.FilterRegistrationBean  : Mapping filter: 'requestContextFilter' to: [/*]
2016-05-12 17:09:54.160  INFO 23144 --- [main] j.LocalContainerEntityManagerFactoryBean : Building JPA container EntityManagerFactory for persistence unit 'default'
2016-05-12 17:09:54.176  INFO 23144 --- [main] o.hibernate.jpa.internal.util.LogHelper  : HHH000204: Processing PersistenceUnitInfo [
	name: default
	...]
2016-05-12 17:09:54.314  INFO 23144 --- [main] org.hibernate.Version                    : HHH000412: Hibernate Core {4.3.11.Final}
2016-05-12 17:09:54.318  INFO 23144 --- [main] org.hibernate.cfg.Environment            : HHH000206: hibernate.properties not found
2016-05-12 17:09:54.321  INFO 23144 --- [main] org.hibernate.cfg.Environment            : HHH000021: Bytecode provider name : javassist
2016-05-12 17:09:54.716  INFO 23144 --- [main] o.hibernate.annotations.common.Version   : HCANN000001: Hibernate Commons Annotations {4.0.5.Final}
2016-05-12 17:09:54.869  INFO 23144 --- [main] org.hibernate.dialect.Dialect            : HHH000400: Using dialect: org.hibernate.dialect.H2Dialect
2016-05-12 17:09:55.065  INFO 23144 --- [main] o.h.h.i.ast.ASTQueryTranslatorFactory    : HHH000397: Using ASTQueryTranslatorFactory
2016-05-12 17:09:55.479  INFO 23144 --- [main] org.hibernate.tool.hbm2ddl.SchemaExport  : HHH000227: Running hbm2ddl schema export
2016-05-12 17:09:55.501  INFO 23144 --- [main] org.hibernate.tool.hbm2ddl.SchemaExport  : HHH000230: Schema export complete
2016-05-12 17:09:56.348  INFO 23144 --- [main] s.w.s.m.m.a.RequestMappingHandlerAdapter : Looking for @ControllerAdvice: org.springframework.boot.context.embedded.AnnotationConfigEmbeddedWebApplicationContext@1248c21: startup date [Thu May 12 17:09:49 KST 2016]; root of context hierarchy
2016-05-12 17:09:56.477  INFO 23144 --- [main] s.w.s.m.m.a.RequestMappingHandlerMapping : Mapped "{[/hello]}" onto public java.lang.String me.whiteship.accounts.AccountController.hello()
2016-05-12 17:09:56.479  INFO 23144 --- [main] s.w.s.m.m.a.RequestMappingHandlerMapping : Mapped "{[/accounts],methods=[POST]}" onto public org.springframework.http.ResponseEntity me.whiteship.accounts.AccountController.createAccount(me.whiteship.accounts.AccountDto$Create,org.springframework.validation.BindingResult)
2016-05-12 17:09:56.480  INFO 23144 --- [main] s.w.s.m.m.a.RequestMappingHandlerMapping : Mapped "{[/accounts],methods=[GET]}" onto public org.springframework.http.ResponseEntity me.whiteship.accounts.AccountController.getAccounts(org.springframework.data.domain.Pageable)
2016-05-12 17:09:56.486  INFO 23144 --- [main] s.w.s.m.m.a.RequestMappingHandlerMapping : Mapped "{[/error]}" onto public org.springframework.http.ResponseEntity<java.util.Map<java.lang.String, java.lang.Object>> org.springframework.boot.autoconfigure.web.BasicErrorController.error(javax.servlet.http.HttpServletRequest)
2016-05-12 17:09:56.489  INFO 23144 --- [main] s.w.s.m.m.a.RequestMappingHandlerMapping : Mapped "{[/error],produces=[text/html]}" onto public org.springframework.web.servlet.ModelAndView org.springframework.boot.autoconfigure.web.BasicErrorController.errorHtml(javax.servlet.http.HttpServletRequest,javax.servlet.http.HttpServletResponse)
2016-05-12 17:09:56.540  INFO 23144 --- [main] o.s.w.s.handler.SimpleUrlHandlerMapping  : Mapped URL path [/webjars/**] onto handler of type [class org.springframework.web.servlet.resource.ResourceHttpRequestHandler]
2016-05-12 17:09:56.540  INFO 23144 --- [main] o.s.w.s.handler.SimpleUrlHandlerMapping  : Mapped URL path [/**] onto handler of type [class org.springframework.web.servlet.resource.ResourceHttpRequestHandler]
2016-05-12 17:09:56.607  INFO 23144 --- [main] o.s.w.s.handler.SimpleUrlHandlerMapping  : Mapped URL path [/**/favicon.ico] onto handler of type [class org.springframework.web.servlet.resource.ResourceHttpRequestHandler]
2016-05-12 17:09:56.910  INFO 23144 --- [main] o.s.j.e.a.AnnotationMBeanExporter        : Registering beans for JMX exposure on startup
2016-05-12 17:09:57.041  INFO 23144 --- [main] s.b.c.e.t.TomcatEmbeddedServletContainer : Tomcat started on port(s): 8080 (http)
2016-05-12 17:09:57.051  INFO 23144 --- [main] me.whiteship.Application                 : Started Application in 8.285 seconds (JVM running for 9.005)
